<?xml version="1.0" encoding="UTF-8"?>
<testsuite name="ru.netology.test.TransferTest" tests="1" skipped="0" failures="0" errors="0" timestamp="2022-09-19T17:02:41" hostname="TOLIK-ПК" time="11.357">
  <properties/>
  <testcase name="shouldCancelTransfer()" classname="ru.netology.test.TransferTest" time="11.357"/>
  <system-out><![CDATA[]]></system-out>
  <system-err><![CDATA[SLF4J: Failed to load class "org.slf4j.impl.StaticLoggerBinder".
SLF4J: Defaulting to no-operation (NOP) logger implementation
SLF4J: See http://www.slf4j.org/codes.html#StaticLoggerBinder for further details.
Starting ChromeDriver 105.0.5195.52 (412c95e518836d8a7d97250d62b29c2ae6a26a85-refs/branch-heads/5195@{#853}) on port 4522
Only local connections are allowed.
Please see https://chromedriver.chromium.org/security-considerations for suggestions on keeping ChromeDriver safe.
ChromeDriver was started successfully.
сент. 19, 2022 7:02:45 PM org.openqa.selenium.remote.ProtocolHandshake createSession
INFO: Detected dialect: W3C
]]></system-err>
</testsuite>
